12:16:14.362 [main] INFO  testCases.TC004_BusinessCoursera - ---//WebDevelopment Page opened//---
12:16:19.076 [main] INFO  testCases.TC004_BusinessCoursera - ---//Level Selected//---
12:16:26.448 [main] INFO  testCases.TC004_BusinessCoursera - ---//Language Selected//---
12:16:48.817 [main] INFO  testCases.TC004_BusinessCoursera - ---//Language Learning Page opened//---
12:16:50.609 [main] INFO  testCases.TC004_BusinessCoursera - ---//Data Captured from Levels//---
12:17:03.396 [main] INFO  testCases.TC004_BusinessCoursera - ---//Data Captured from Languages//---
12:17:19.695 [main] INFO  testCases.TC004_BusinessCoursera - ---//Enterprise opened//---
12:17:33.169 [main] INFO  testCases.TC004_BusinessCoursera - ---//Contact Us Page Opened//---
12:17:38.909 [main] INFO  testCases.TC004_BusinessCoursera - ---//Error Message Captured from Contact Us Page//---
11:46:11.708 [main] INFO  testCases.TC004_BusinessCoursera - ---//WebDevelopment Page opened//---
11:46:16.114 [main] INFO  testCases.TC004_BusinessCoursera - ---//Level Selected//---
11:46:23.748 [main] INFO  testCases.TC004_BusinessCoursera - ---//Language Selected//---
11:46:49.733 [main] INFO  testCases.TC004_BusinessCoursera - ---//Language Learning Page opened//---
11:46:51.360 [main] INFO  testCases.TC004_BusinessCoursera - ---//Data Captured from Levels//---
11:47:10.166 [main] INFO  testCases.TC004_BusinessCoursera - ---//Data Captured from Languages//---
11:47:56.326 [main] INFO  testCases.TC004_BusinessCoursera - ---//Enterprise opened//---
11:49:11.990 [main] INFO  testCases.TC004_BusinessCoursera - ---//Contact Us Page Opened//---
11:49:17.930 [main] INFO  testCases.TC004_BusinessCoursera - ---//Error Message Captured from Contact Us Page//---
12:08:41.979 [main] INFO  testCases.TC004_BusinessCoursera - ---//WebDevelopment Page opened//---
12:08:46.153 [main] INFO  testCases.TC004_BusinessCoursera - ---//Level Selected//---
12:08:53.263 [main] INFO  testCases.TC004_BusinessCoursera - ---//Language Selected//---
12:10:20.876 [main] INFO  testCases.TC004_BusinessCoursera - ---//Language Learning Page opened//---
12:10:22.632 [main] INFO  testCases.TC004_BusinessCoursera - ---//Data Captured from Levels//---
12:10:59.533 [main] INFO  testCases.TC004_BusinessCoursera - ---//Data Captured from Languages//---
12:11:57.386 [main] INFO  testCases.TC004_BusinessCoursera - ---//Enterprise opened//---
12:12:29.480 [main] INFO  testCases.TC004_BusinessCoursera - ---//Contact Us Page Opened//---
12:12:35.994 [main] INFO  testCases.TC004_BusinessCoursera - ---//Error Message Captured from Contact Us Page//---
12:15:17.511 [main] INFO  testCases.TC004_BusinessCoursera - ---//WebDevelopment Page opened//---
12:15:21.978 [main] INFO  testCases.TC004_BusinessCoursera - ---//Level Selected//---
12:15:29.517 [main] INFO  testCases.TC004_BusinessCoursera - ---//Language Selected//---
12:16:01.775 [main] INFO  testCases.TC004_BusinessCoursera - ---//Language Learning Page opened//---
12:16:02.709 [main] INFO  testCases.TC004_BusinessCoursera - ---//Data Captured from Levels//---
12:16:16.205 [main] INFO  testCases.TC004_BusinessCoursera - ---//Data Captured from Languages//---
12:16:38.357 [main] INFO  testCases.TC004_BusinessCoursera - ---//Enterprise opened//---
12:17:17.653 [main] INFO  testCases.TC004_BusinessCoursera - ---//Contact Us Page Opened//---
12:17:23.943 [main] INFO  testCases.TC004_BusinessCoursera - ---//Error Message Captured from Contact Us Page//---
13:04:45.700 [main] INFO  testCases.TC004_BusinessCoursera - ---//WebDevelopment Page opened//---
13:05:58.194 [main] INFO  testCases.TC004_BusinessCoursera - ---//WebDevelopment Page opened//---
13:06:02.387 [main] INFO  testCases.TC004_BusinessCoursera - ---//Level Selected//---
13:06:10.142 [main] INFO  testCases.TC004_BusinessCoursera - ---//Language Selected//---
13:06:45.586 [main] INFO  testCases.TC004_BusinessCoursera - ---//Language Learning Page opened//---
13:06:46.576 [main] INFO  testCases.TC004_BusinessCoursera - ---//Data Captured from Levels//---
13:07:00.124 [main] INFO  testCases.TC004_BusinessCoursera - ---//Data Captured from Languages//---
13:07:43.421 [main] INFO  testCases.TC004_BusinessCoursera - ---//Enterprise opened//---
13:08:21.694 [main] INFO  testCases.TC004_BusinessCoursera - ---//Contact Us Page Opened//---
13:08:27.595 [main] INFO  testCases.TC004_BusinessCoursera - ---//Error Message Captured from Contact Us Page//---
