15:43:24.412 [main] INFO  testCases.TC004_BusinessCoursera - ---//WebDevelopment Page opened//---
15:43:28.029 [main] INFO  testCases.TC004_BusinessCoursera - ---//Level Selected//---
15:43:34.719 [main] INFO  testCases.TC004_BusinessCoursera - ---//Language Selected//---
15:43:51.680 [main] INFO  testCases.TC004_BusinessCoursera - ---//Language Learning Page opened//---
15:43:52.217 [main] INFO  testCases.TC004_BusinessCoursera - ---//Data Captured from Levels//---
15:44:00.916 [main] INFO  testCases.TC004_BusinessCoursera - ---//Data Captured from Languages//---
15:44:26.359 [main] INFO  testCases.TC004_BusinessCoursera - ---//Enterprise opened//---
15:45:10.321 [main] INFO  testCases.TC004_BusinessCoursera - ---//Contact Us Page Opened//---
15:45:14.431 [main] INFO  testCases.TC004_BusinessCoursera - ---//Error Message Captured from Contact Us Page//---
09:32:17.542 [main] INFO  testCases.TC004_BusinessCoursera - ---//WebDevelopment Page opened//---
09:32:23.125 [main] INFO  testCases.TC004_BusinessCoursera - ---//Level Selected//---
09:33:16.891 [main] INFO  testCases.TC004_BusinessCoursera - ---//Language Learning Page opened//---
09:33:22.861 [main] INFO  testCases.TC004_BusinessCoursera - ---//Data Captured from Levels//---
09:33:45.877 [main] INFO  testCases.TC004_BusinessCoursera - ---//Data Captured from Languages//---
09:34:03.927 [main] INFO  testCases.TC004_BusinessCoursera - ---//Enterprise opened//---
09:34:18.069 [main] INFO  testCases.TC004_BusinessCoursera - ---//Contact Us Page Opened//---
09:34:24.345 [main] INFO  testCases.TC004_BusinessCoursera - ---//Error Message Captured from Contact Us Page//---
09:35:44.940 [main] INFO  testCases.TC004_BusinessCoursera - ---//WebDevelopment Page opened//---
09:35:49.389 [main] INFO  testCases.TC004_BusinessCoursera - ---//Level Selected//---
09:35:56.662 [main] INFO  testCases.TC004_BusinessCoursera - ---//Language Selected//---
09:36:20.845 [main] INFO  testCases.TC004_BusinessCoursera - ---//Language Learning Page opened//---
09:36:21.928 [main] INFO  testCases.TC004_BusinessCoursera - ---//Data Captured from Levels//---
09:36:36.164 [main] INFO  testCases.TC004_BusinessCoursera - ---//Data Captured from Languages//---
09:36:51.426 [main] INFO  testCases.TC004_BusinessCoursera - ---//Enterprise opened//---
09:37:04.550 [main] INFO  testCases.TC004_BusinessCoursera - ---//Contact Us Page Opened//---
09:37:10.345 [main] INFO  testCases.TC004_BusinessCoursera - ---//Error Message Captured from Contact Us Page//---
11:39:21.351 [main] INFO  testCases.TC004_BusinessCoursera - ---//WebDevelopment Page opened//---
11:39:25.737 [main] INFO  testCases.TC004_BusinessCoursera - ---//Level Selected//---
11:39:32.956 [main] INFO  testCases.TC004_BusinessCoursera - ---//Language Selected//---
11:39:55.926 [main] INFO  testCases.TC004_BusinessCoursera - ---//Language Learning Page opened//---
11:39:57.149 [main] INFO  testCases.TC004_BusinessCoursera - ---//Data Captured from Levels//---
11:40:13.572 [main] INFO  testCases.TC004_BusinessCoursera - ---//Data Captured from Languages//---
11:40:28.280 [main] INFO  testCases.TC004_BusinessCoursera - ---//Enterprise opened//---
11:40:41.149 [main] INFO  testCases.TC004_BusinessCoursera - ---//Contact Us Page Opened//---
11:40:46.965 [main] INFO  testCases.TC004_BusinessCoursera - ---//Error Message Captured from Contact Us Page//---
12:09:42.023 [main] INFO  testCases.TC004_BusinessCoursera - ---//WebDevelopment Page opened//---
12:09:46.470 [main] INFO  testCases.TC004_BusinessCoursera - ---//Level Selected//---
12:09:54.138 [main] INFO  testCases.TC004_BusinessCoursera - ---//Language Selected//---
12:10:28.274 [main] INFO  testCases.TC004_BusinessCoursera - ---//Language Learning Page opened//---
12:10:29.214 [main] INFO  testCases.TC004_BusinessCoursera - ---//Data Captured from Levels//---
12:10:40.579 [main] INFO  testCases.TC004_BusinessCoursera - ---//Data Captured from Languages//---
12:10:58.718 [main] INFO  testCases.TC004_BusinessCoursera - ---//Enterprise opened//---
12:11:13.168 [main] INFO  testCases.TC004_BusinessCoursera - ---//Contact Us Page Opened//---
12:11:18.960 [main] INFO  testCases.TC004_BusinessCoursera - ---//Error Message Captured from Contact Us Page//---
12:13:56.077 [main] INFO  testCases.TC004_BusinessCoursera - ---//WebDevelopment Page opened//---
12:14:00.842 [main] INFO  testCases.TC004_BusinessCoursera - ---//Level Selected//---
12:14:27.471 [main] INFO  testCases.TC004_BusinessCoursera - ---//Language Learning Page opened//---
12:14:28.387 [main] INFO  testCases.TC004_BusinessCoursera - ---//Data Captured from Levels//---
12:14:41.440 [main] INFO  testCases.TC004_BusinessCoursera - ---//Data Captured from Languages//---
12:14:55.566 [main] INFO  testCases.TC004_BusinessCoursera - ---//Enterprise opened//---
12:15:09.337 [main] INFO  testCases.TC004_BusinessCoursera - ---//Contact Us Page Opened//---
12:15:15.189 [main] INFO  testCases.TC004_BusinessCoursera - ---//Error Message Captured from Contact Us Page//---
